2025-03-29 13:14:48,054 : INFO : root : Loading config.
2025-03-29 13:14:48,058 : INFO : YamlMultifileConfigLoader : Machine config file #1: config.yaml
2025-03-29 13:14:48,058 : INFO : ConfigProcessor : Loading config from cache: /tmp/9121053a167b3a0609222a4623987891.mpf_cache
2025-03-29 13:14:48,094 : INFO : ConfigProcessor : Loading config from cache: /tmp/66ef204c87633dc02ca3efd475778ed9.mpf_cache
2025-03-29 13:14:48,094 : INFO : ConfigProcessor : Loading config from cache: /tmp/74f2825223a7abe8c76a0d15a1753cf2.mpf_cache
2025-03-29 13:14:48,095 : INFO : Machine : Mission Pinball Framework Core Engine v0.80.0.dev7
2025-03-29 13:14:48,095 : INFO : Machine : Command line arguments: {'no_load_cache': False, 'create_config_cache': True, 'bcp': False, 'configfile': ['config.yaml'], 'force_assets_load': False, 'platform_integration_test': False, 'jsonlogging': False, 'logfile': 'logs/2025-03-29-13-14-48-mpf-pinpi.log', 'pause': False, 'production': False, 'text_ui': True, 'loglevel': 15, 'consoleloglevel': 20, 'force_platform': None, 'syslog_address': None, 'full_logfile_path': '/home/pinpi/toedragons-pinball/logs/2025-03-29-13-14-48-mpf-pinpi.log'}
2025-03-29 13:14:48,095 : INFO : Machine : MPF path: /home/pinpi/pinpi/lib/python3.11/site-packages/mpf
2025-03-29 13:14:48,095 : INFO : Machine : Machine path: /home/pinpi/toedragons-pinball
2025-03-29 13:14:48,095 : INFO : Machine : Platform: linux
2025-03-29 13:14:48,095 : INFO : Machine : Python executable location: /home/pinpi/pinpi/bin/python
2025-03-29 13:14:48,095 : INFO : Machine : Python version: 3.11.2 (64-bit)
2025-03-29 13:14:48,096 : INFO : Machine : Initializing MPF...
2025-03-29 13:14:48,141 : INFO : FAST [NET] : Trying to connect to /dev/ttyAMA2 at 921600bps
2025-03-29 13:14:48,142 : INFO : FAST [NET] : Connected to /dev/ttyAMA2 at 921600bps
2025-03-29 13:14:48,144 : INFO : FAST [NET] : Connected to FP-CPU-2000 with firmware v02.26
2025-03-29 13:14:48,146 : INFO : FAST [NET] : Registered I/O Board 0: Model: FP-I/O-3208, Firmware: 01.10, Switches: 32, Drivers: 8
2025-03-29 13:14:48,146 : INFO : EventManager : Event: ======'machine_var_credits_string'====== Args={'value': 'FREE PLAY', 'prev_value': None, 'change': True}
2025-03-29 13:14:48,155 : INFO : EventManager : Event: ======'machine_var_master_volume'====== Args={'value': 0.5, 'prev_value': None, 'change': True}
2025-03-29 13:14:48,156 : INFO : EventManager : Event: ======'machine_var_mpf_version'====== Args={'value': 'Mission Pinball Framework v0.80.0.dev7', 'prev_value': None, 'change': True}
2025-03-29 13:14:48,156 : INFO : EventManager : Event: ======'machine_var_mpf_extended_version'====== Args={'value': 'Mission Pinball Framework v0.80.0.dev7, Config version:6, Show version: 6, BCP version:1.1', 'prev_value': None, 'change': True}
2025-03-29 13:14:48,156 : INFO : EventManager : Event: ======'machine_var_python_version'====== Args={'value': '3.11.2', 'prev_value': None, 'change': True}
2025-03-29 13:14:48,157 : INFO : EventManager : Event: ======'machine_var_platform'====== Args={'value': 'Linux-6.6.51+rpt-rpi-2712-aarch64-with-glibc2.36', 'prev_value': None, 'change': True}
2025-03-29 13:14:48,157 : INFO : EventManager : Event: ======'machine_var_platform_system'====== Args={'value': 'Linux', 'prev_value': None, 'change': True}
2025-03-29 13:14:48,157 : INFO : EventManager : Event: ======'machine_var_platform_release'====== Args={'value': '6.6.51+rpt-rpi-2712', 'prev_value': None, 'change': True}
2025-03-29 13:14:48,157 : INFO : EventManager : Event: ======'machine_var_platform_version'====== Args={'value': '#1 SMP PREEMPT Debian 1:6.6.51-1+rpt3 (2024-10-08)', 'prev_value': None, 'change': True}
2025-03-29 13:14:48,157 : INFO : EventManager : Event: ======'machine_var_platform_machine'====== Args={'value': 'aarch64', 'prev_value': None, 'change': True}
2025-03-29 13:14:48,157 : INFO : EventManager : Event: ======'machine_var_log_file_path'====== Args={'value': '/home/pinpi/toedragons-pinball/logs/2025-03-29-13-14-48-mpf-pinpi.log', 'prev_value': None, 'change': True}
2025-03-29 13:14:48,157 : INFO : EventManager : Event: ======'init_phase_1'====== Args={}
2025-03-29 13:14:48,234 : INFO : EventManager : Event: ======'init_phase_2'====== Args={}
2025-03-29 13:14:48,237 : INFO : EventManager : Event: ======'init_phase_3'====== Args={}
2025-03-29 13:14:48,239 : INFO : EventManager : Event: ======'init_phase_4'====== Args={}
2025-03-29 13:14:48,239 : INFO : EventManager : Event: ======'machine_var_audits_switches_s_left_flipper_long'====== Args={'value': 0, 'prev_value': None, 'change': True}
2025-03-29 13:14:48,240 : INFO : EventManager : Event: ======'machine_var_audits_switches_s_right_flipper_short'====== Args={'value': 0, 'prev_value': None, 'change': True}
2025-03-29 13:14:48,240 : INFO : EventManager : Event: ======'machine_var_audits_switches_s_left_flipper_short'====== Args={'value': 0, 'prev_value': None, 'change': True}
2025-03-29 13:14:48,240 : INFO : EventManager : Event: ======'machine_var_audits_switches_s_right_flipper_long'====== Args={'value': 0, 'prev_value': None, 'change': True}
2025-03-29 13:14:48,240 : INFO : EventManager : Event: ======'machine_var_audits_events_game_started'====== Args={'value': 0, 'prev_value': None, 'change': True}
2025-03-29 13:14:48,240 : INFO : EventManager : Event: ======'machine_var_audits_events_game_ended'====== Args={'value': 0, 'prev_value': None, 'change': True}
2025-03-29 13:14:48,240 : INFO : EventManager : Event: ======'machine_var_audits_player_score'====== Args={'value': {'top': [], 'average': 0, 'total': 0}, 'prev_value': None, 'change': True}
2025-03-29 13:14:48,240 : INFO : EventManager : Event: ======'init_phase_5'====== Args={}
2025-03-29 13:14:48,240 : INFO : EventManager : Event: ======'init_done'====== Args={}
2025-03-29 13:14:48,240 : INFO : EventManager : Event: ======'machine_reset_phase_1'====== Args={}
2025-03-29 13:14:48,240 : INFO : EventManager : Event: ======'machine_reset_phase_2'====== Args={}
2025-03-29 13:14:48,241 : INFO : EventManager : Event: ======'machine_reset_phase_3'====== Args={}
2025-03-29 13:14:48,241 : INFO : EventManager : Event: ======'reset_complete'====== Args={}
2025-03-29 13:14:48,241 : INFO : EventManager : Event: ======'mode_attract_will_start'====== Args={}
2025-03-29 13:14:48,241 : INFO : EventManager : Event: ======'mode_attract_starting'====== Args={}
2025-03-29 13:14:48,241 : INFO : Mode.attract : Started. Priority: 10
2025-03-29 13:14:48,241 : INFO : EventManager : Event: ======'modes_active_modes_changed'====== Args={}
2025-03-29 13:14:48,241 : INFO : EventManager : Event: ======'mode_attract_started'====== Args={}
2025-03-29 13:14:48,241 : INFO : EventManager : Event: ======'collecting_balls_complete'====== Args={}
2025-03-29 13:14:48,241 : INFO : Machine : Starting the main run loop with active modes: [<Mode.attract>]
2025-03-29 13:14:53,995 : INFO : SwitchController : <<<<<<< 's_left_flipper_long' active >>>>>>>
2025-03-29 13:14:53,999 : INFO : SwitchController : <<<<<<< 's_left_flipper_short' active >>>>>>>
2025-03-29 13:14:54,423 : INFO : SwitchController : <<<<<<< 's_left_flipper_short' inactive >>>>>>>
2025-03-29 13:14:54,424 : INFO : SwitchController : <<<<<<< 's_left_flipper_long' inactive >>>>>>>
2025-03-29 13:14:54,795 : INFO : SwitchController : <<<<<<< 's_left_flipper_long' active >>>>>>>
2025-03-29 13:14:54,797 : INFO : SwitchController : <<<<<<< 's_left_flipper_short' active >>>>>>>
2025-03-29 13:14:55,030 : INFO : SwitchController : <<<<<<< 's_left_flipper_short' inactive >>>>>>>
2025-03-29 13:14:55,033 : INFO : SwitchController : <<<<<<< 's_left_flipper_long' inactive >>>>>>>
2025-03-29 13:14:55,334 : INFO : SwitchController : <<<<<<< 's_left_flipper_long' active >>>>>>>
2025-03-29 13:14:55,335 : INFO : SwitchController : <<<<<<< 's_left_flipper_short' active >>>>>>>
2025-03-29 13:14:55,471 : INFO : SwitchController : <<<<<<< 's_left_flipper_short' inactive >>>>>>>
2025-03-29 13:14:55,472 : INFO : SwitchController : <<<<<<< 's_left_flipper_long' inactive >>>>>>>
2025-03-29 13:14:55,591 : INFO : SwitchController : <<<<<<< 's_left_flipper_long' active >>>>>>>
2025-03-29 13:14:55,593 : INFO : SwitchController : <<<<<<< 's_left_flipper_short' active >>>>>>>
2025-03-29 13:14:55,732 : INFO : SwitchController : <<<<<<< 's_left_flipper_short' inactive >>>>>>>
2025-03-29 13:14:55,733 : INFO : SwitchController : <<<<<<< 's_left_flipper_long' inactive >>>>>>>
2025-03-29 13:14:55,858 : INFO : SwitchController : <<<<<<< 's_left_flipper_short' active >>>>>>>
2025-03-29 13:14:55,858 : INFO : SwitchController : <<<<<<< 's_left_flipper_long' active >>>>>>>
2025-03-29 13:14:56,008 : INFO : SwitchController : <<<<<<< 's_left_flipper_short' inactive >>>>>>>
2025-03-29 13:14:56,008 : INFO : SwitchController : <<<<<<< 's_left_flipper_long' inactive >>>>>>>
2025-03-29 13:14:56,153 : INFO : SwitchController : <<<<<<< 's_left_flipper_long' active >>>>>>>
2025-03-29 13:14:56,153 : INFO : SwitchController : <<<<<<< 's_left_flipper_short' active >>>>>>>
2025-03-29 13:14:56,306 : INFO : SwitchController : <<<<<<< 's_left_flipper_short' inactive >>>>>>>
2025-03-29 13:14:56,306 : INFO : SwitchController : <<<<<<< 's_left_flipper_long' inactive >>>>>>>
2025-03-29 13:14:56,496 : INFO : SwitchController : <<<<<<< 's_left_flipper_short' active >>>>>>>
2025-03-29 13:14:56,496 : INFO : SwitchController : <<<<<<< 's_left_flipper_long' active >>>>>>>
2025-03-29 13:14:56,817 : INFO : SwitchController : <<<<<<< 's_left_flipper_short' inactive >>>>>>>
2025-03-29 13:14:56,819 : INFO : SwitchController : <<<<<<< 's_left_flipper_long' inactive >>>>>>>
2025-03-29 13:14:57,185 : INFO : SwitchController : <<<<<<< 's_left_flipper_long' active >>>>>>>
2025-03-29 13:14:57,186 : INFO : SwitchController : <<<<<<< 's_left_flipper_short' active >>>>>>>
2025-03-29 13:14:57,371 : INFO : SwitchController : <<<<<<< 's_left_flipper_short' inactive >>>>>>>
2025-03-29 13:14:57,373 : INFO : SwitchController : <<<<<<< 's_left_flipper_long' inactive >>>>>>>
2025-03-29 13:14:57,502 : INFO : SwitchController : <<<<<<< 's_left_flipper_short' active >>>>>>>
2025-03-29 13:14:57,502 : INFO : SwitchController : <<<<<<< 's_left_flipper_long' active >>>>>>>
2025-03-29 13:14:57,629 : INFO : SwitchController : <<<<<<< 's_left_flipper_short' inactive >>>>>>>
2025-03-29 13:14:57,631 : INFO : SwitchController : <<<<<<< 's_left_flipper_long' inactive >>>>>>>
2025-03-29 13:14:57,788 : INFO : SwitchController : <<<<<<< 's_left_flipper_long' active >>>>>>>
2025-03-29 13:14:57,790 : INFO : SwitchController : <<<<<<< 's_left_flipper_short' active >>>>>>>
2025-03-29 13:14:57,882 : INFO : SwitchController : <<<<<<< 's_left_flipper_short' inactive >>>>>>>
2025-03-29 13:14:57,884 : INFO : SwitchController : <<<<<<< 's_left_flipper_long' inactive >>>>>>>
2025-03-29 13:14:58,064 : INFO : SwitchController : <<<<<<< 's_left_flipper_short' active >>>>>>>
2025-03-29 13:14:58,064 : INFO : SwitchController : <<<<<<< 's_left_flipper_long' active >>>>>>>
2025-03-29 13:14:58,195 : INFO : SwitchController : <<<<<<< 's_left_flipper_short' inactive >>>>>>>
2025-03-29 13:14:58,196 : INFO : SwitchController : <<<<<<< 's_left_flipper_long' inactive >>>>>>>
2025-03-29 13:14:58,682 : INFO : SwitchController : <<<<<<< 's_left_flipper_short' active >>>>>>>
2025-03-29 13:14:58,682 : INFO : SwitchController : <<<<<<< 's_left_flipper_long' active >>>>>>>
2025-03-29 13:14:58,805 : INFO : SwitchController : <<<<<<< 's_left_flipper_short' inactive >>>>>>>
2025-03-29 13:14:58,807 : INFO : SwitchController : <<<<<<< 's_left_flipper_long' inactive >>>>>>>
2025-03-29 13:14:59,011 : INFO : SwitchController : <<<<<<< 's_left_flipper_short' active >>>>>>>
2025-03-29 13:14:59,011 : INFO : SwitchController : <<<<<<< 's_left_flipper_long' active >>>>>>>
2025-03-29 13:14:59,163 : INFO : SwitchController : <<<<<<< 's_left_flipper_short' inactive >>>>>>>
2025-03-29 13:14:59,167 : INFO : SwitchController : <<<<<<< 's_left_flipper_long' inactive >>>>>>>
2025-03-29 13:15:00,031 : INFO : SwitchController : <<<<<<< 's_left_flipper_long' active >>>>>>>
2025-03-29 13:15:00,034 : INFO : SwitchController : <<<<<<< 's_left_flipper_short' active >>>>>>>
2025-03-29 13:15:00,542 : INFO : SwitchController : <<<<<<< 's_left_flipper_short' inactive >>>>>>>
2025-03-29 13:15:00,546 : INFO : SwitchController : <<<<<<< 's_left_flipper_long' inactive >>>>>>>
2025-03-29 13:15:00,970 : INFO : SwitchController : <<<<<<< 's_left_flipper_long' active >>>>>>>
2025-03-29 13:15:01,483 : INFO : SwitchController : <<<<<<< 's_left_flipper_short' active >>>>>>>
2025-03-29 13:15:02,079 : INFO : SwitchController : <<<<<<< 's_left_flipper_short' inactive >>>>>>>
2025-03-29 13:15:02,087 : INFO : SwitchController : <<<<<<< 's_left_flipper_long' inactive >>>>>>>
2025-03-29 13:15:02,541 : INFO : SwitchController : <<<<<<< 's_left_flipper_long' active >>>>>>>
2025-03-29 13:15:02,545 : INFO : SwitchController : <<<<<<< 's_left_flipper_short' active >>>>>>>
2025-03-29 13:15:03,038 : INFO : SwitchController : <<<<<<< 's_left_flipper_short' inactive >>>>>>>
2025-03-29 13:15:03,045 : INFO : SwitchController : <<<<<<< 's_left_flipper_long' inactive >>>>>>>
2025-03-29 13:15:03,535 : INFO : SwitchController : <<<<<<< 's_left_flipper_long' active >>>>>>>
2025-03-29 13:15:03,548 : INFO : SwitchController : <<<<<<< 's_left_flipper_short' active >>>>>>>
2025-03-29 13:15:03,926 : INFO : SwitchController : <<<<<<< 's_left_flipper_short' inactive >>>>>>>
2025-03-29 13:15:03,935 : INFO : SwitchController : <<<<<<< 's_left_flipper_long' inactive >>>>>>>
2025-03-29 13:15:04,421 : INFO : SwitchController : <<<<<<< 's_left_flipper_long' active >>>>>>>
2025-03-29 13:15:04,900 : INFO : SwitchController : <<<<<<< 's_left_flipper_short' active >>>>>>>
2025-03-29 13:15:05,258 : INFO : SwitchController : <<<<<<< 's_left_flipper_short' inactive >>>>>>>
2025-03-29 13:15:05,264 : INFO : SwitchController : <<<<<<< 's_left_flipper_long' inactive >>>>>>>
2025-03-29 13:15:11,154 : INFO : SwitchController : <<<<<<< 's_right_flipper_long' active >>>>>>>
2025-03-29 13:15:12,113 : INFO : SwitchController : <<<<<<< 's_right_flipper_long' inactive >>>>>>>
2025-03-29 13:15:12,497 : INFO : SwitchController : <<<<<<< 's_right_flipper_long' active >>>>>>>
2025-03-29 13:15:12,940 : INFO : SwitchController : <<<<<<< 's_right_flipper_long' inactive >>>>>>>
2025-03-29 13:15:13,072 : INFO : SwitchController : <<<<<<< 's_right_flipper_long' active >>>>>>>
2025-03-29 13:15:13,174 : INFO : SwitchController : <<<<<<< 's_right_flipper_long' inactive >>>>>>>
2025-03-29 13:15:13,283 : INFO : SwitchController : <<<<<<< 's_right_flipper_long' active >>>>>>>
2025-03-29 13:15:13,374 : INFO : SwitchController : <<<<<<< 's_right_flipper_long' inactive >>>>>>>
2025-03-29 13:15:14,246 : INFO : SwitchController : <<<<<<< 's_right_flipper_long' active >>>>>>>
2025-03-29 13:15:14,585 : INFO : SwitchController : <<<<<<< 's_right_flipper_long' inactive >>>>>>>
2025-03-29 13:15:14,791 : INFO : SwitchController : <<<<<<< 's_right_flipper_long' active >>>>>>>
2025-03-29 13:15:15,905 : INFO : SwitchController : <<<<<<< 's_right_flipper_long' inactive >>>>>>>
2025-03-29 13:15:17,171 : INFO : SwitchController : <<<<<<< 's_right_flipper_long' active >>>>>>>
2025-03-29 13:15:18,363 : INFO : SwitchController : <<<<<<< 's_right_flipper_long' inactive >>>>>>>
2025-03-29 13:15:19,761 : INFO : SwitchController : <<<<<<< 's_right_flipper_long' active >>>>>>>
2025-03-29 13:15:19,933 : INFO : SwitchController : <<<<<<< 's_right_flipper_short' active >>>>>>>
2025-03-29 13:15:20,303 : INFO : SwitchController : <<<<<<< 's_right_flipper_short' inactive >>>>>>>
2025-03-29 13:15:20,388 : INFO : SwitchController : <<<<<<< 's_right_flipper_long' inactive >>>>>>>
2025-03-29 13:15:20,658 : INFO : SwitchController : <<<<<<< 's_right_flipper_long' active >>>>>>>
2025-03-29 13:15:20,808 : INFO : SwitchController : <<<<<<< 's_right_flipper_short' active >>>>>>>
2025-03-29 13:15:20,883 : INFO : SwitchController : <<<<<<< 's_right_flipper_short' inactive >>>>>>>
2025-03-29 13:15:20,955 : INFO : SwitchController : <<<<<<< 's_right_flipper_short' active >>>>>>>
2025-03-29 13:15:21,135 : INFO : SwitchController : <<<<<<< 's_right_flipper_short' inactive >>>>>>>
2025-03-29 13:15:21,173 : INFO : SwitchController : <<<<<<< 's_right_flipper_long' inactive >>>>>>>
2025-03-29 13:15:21,351 : INFO : SwitchController : <<<<<<< 's_right_flipper_long' active >>>>>>>
2025-03-29 13:15:21,384 : INFO : SwitchController : <<<<<<< 's_right_flipper_short' active >>>>>>>
2025-03-29 13:15:21,453 : INFO : SwitchController : <<<<<<< 's_right_flipper_short' inactive >>>>>>>
2025-03-29 13:15:21,485 : INFO : SwitchController : <<<<<<< 's_right_flipper_long' inactive >>>>>>>
2025-03-29 13:15:21,556 : INFO : SwitchController : <<<<<<< 's_right_flipper_long' active >>>>>>>
2025-03-29 13:15:21,661 : INFO : SwitchController : <<<<<<< 's_right_flipper_long' inactive >>>>>>>
2025-03-29 13:15:21,729 : INFO : SwitchController : <<<<<<< 's_right_flipper_long' active >>>>>>>
2025-03-29 13:15:21,760 : INFO : SwitchController : <<<<<<< 's_right_flipper_short' active >>>>>>>
2025-03-29 13:15:21,800 : INFO : SwitchController : <<<<<<< 's_right_flipper_short' inactive >>>>>>>
2025-03-29 13:15:21,832 : INFO : SwitchController : <<<<<<< 's_right_flipper_long' inactive >>>>>>>
2025-03-29 13:15:21,917 : INFO : SwitchController : <<<<<<< 's_right_flipper_long' active >>>>>>>
2025-03-29 13:15:21,948 : INFO : SwitchController : <<<<<<< 's_right_flipper_short' active >>>>>>>
2025-03-29 13:15:21,993 : INFO : SwitchController : <<<<<<< 's_right_flipper_short' inactive >>>>>>>
2025-03-29 13:15:22,024 : INFO : SwitchController : <<<<<<< 's_right_flipper_long' inactive >>>>>>>
2025-03-29 13:15:22,105 : INFO : SwitchController : <<<<<<< 's_right_flipper_long' active >>>>>>>
2025-03-29 13:15:22,195 : INFO : SwitchController : <<<<<<< 's_right_flipper_long' inactive >>>>>>>
2025-03-29 13:15:22,291 : INFO : SwitchController : <<<<<<< 's_right_flipper_long' active >>>>>>>
2025-03-29 13:15:22,315 : INFO : SwitchController : <<<<<<< 's_right_flipper_short' active >>>>>>>
2025-03-29 13:15:22,386 : INFO : SwitchController : <<<<<<< 's_right_flipper_short' inactive >>>>>>>
2025-03-29 13:15:22,427 : INFO : SwitchController : <<<<<<< 's_right_flipper_long' inactive >>>>>>>
2025-03-29 13:15:22,481 : INFO : SwitchController : <<<<<<< 's_right_flipper_long' active >>>>>>>
2025-03-29 13:15:22,502 : INFO : SwitchController : <<<<<<< 's_right_flipper_short' active >>>>>>>
2025-03-29 13:15:22,572 : INFO : SwitchController : <<<<<<< 's_right_flipper_short' inactive >>>>>>>
2025-03-29 13:15:22,597 : INFO : SwitchController : <<<<<<< 's_right_flipper_long' inactive >>>>>>>
2025-03-29 13:15:22,698 : INFO : SwitchController : <<<<<<< 's_right_flipper_long' active >>>>>>>
2025-03-29 13:15:22,756 : INFO : SwitchController : <<<<<<< 's_right_flipper_short' active >>>>>>>
2025-03-29 13:15:23,020 : INFO : SwitchController : <<<<<<< 's_right_flipper_short' inactive >>>>>>>
2025-03-29 13:15:23,090 : INFO : SwitchController : <<<<<<< 's_right_flipper_long' inactive >>>>>>>
2025-03-29 13:15:23,609 : INFO : SwitchController : <<<<<<< 's_right_flipper_long' active >>>>>>>
2025-03-29 13:15:23,736 : INFO : SwitchController : <<<<<<< 's_right_flipper_short' active >>>>>>>
2025-03-29 13:15:24,016 : INFO : SwitchController : <<<<<<< 's_right_flipper_short' inactive >>>>>>>
2025-03-29 13:15:24,041 : INFO : SwitchController : <<<<<<< 's_right_flipper_long' inactive >>>>>>>
2025-03-29 13:15:24,462 : INFO : SwitchController : <<<<<<< 's_right_flipper_long' active >>>>>>>
2025-03-29 13:15:24,555 : INFO : SwitchController : <<<<<<< 's_right_flipper_long' inactive >>>>>>>
2025-03-29 13:15:24,654 : INFO : SwitchController : <<<<<<< 's_right_flipper_long' active >>>>>>>
2025-03-29 13:15:24,751 : INFO : SwitchController : <<<<<<< 's_right_flipper_long' inactive >>>>>>>
2025-03-29 13:15:24,846 : INFO : SwitchController : <<<<<<< 's_right_flipper_long' active >>>>>>>
2025-03-29 13:15:24,962 : INFO : SwitchController : <<<<<<< 's_right_flipper_long' inactive >>>>>>>
2025-03-29 13:15:25,054 : INFO : SwitchController : <<<<<<< 's_right_flipper_long' active >>>>>>>
2025-03-29 13:15:25,869 : INFO : SwitchController : <<<<<<< 's_right_flipper_long' inactive >>>>>>>
2025-03-29 13:20:35,984 : INFO : Machine : Shutting down...
2025-03-29 13:20:35,984 : INFO : EventManager : Event: ======'shutdown'====== Args={}
2025-03-29 13:20:36,087 : INFO : root : MPF run loop ended.
