2025-03-26 18:19:30,457 : INFO : root : Loading config.
2025-03-26 18:19:30,459 : INFO : YamlMultifileConfigLoader : Machine config file #1: config.yaml
2025-03-26 18:19:30,460 : WARNING : ConfigProcessor : Config file in cache changed: /home/pinpi/toedragons-pinball/config/config.yaml
2025-03-26 18:19:30,460 : INFO : ConfigProcessor : Loading config from file /home/pinpi/pinpi/lib/python3.11/site-packages/mpf/mpfconfig.yaml.
2025-03-26 18:19:30,506 : INFO : ConfigProcessor : Loading config: /home/pinpi/pinpi/lib/python3.11/site-packages/mpf/mpfconfig.yaml
2025-03-26 18:19:30,507 : INFO : ConfigProcessor : Loading config from file /home/pinpi/toedragons-pinball/config/config.yaml.
2025-03-26 18:19:30,512 : INFO : ConfigProcessor : Loading config: /home/pinpi/toedragons-pinball/config/config.yaml
2025-03-26 18:19:30,513 : INFO : ConfigProcessor : Config file cache created: /tmp/9121053a167b3a0609222a4623987891.mpf_cache
2025-03-26 18:19:30,546 : INFO : ConfigProcessor : Loading config from cache: /tmp/66ef204c87633dc02ca3efd475778ed9.mpf_cache
2025-03-26 18:19:30,546 : INFO : ConfigProcessor : Loading config from cache: /tmp/74f2825223a7abe8c76a0d15a1753cf2.mpf_cache
2025-03-26 18:19:30,546 : INFO : Machine : Mission Pinball Framework Core Engine v0.80.0.dev7
2025-03-26 18:19:30,546 : INFO : Machine : Command line arguments: {'no_load_cache': False, 'create_config_cache': True, 'bcp': False, 'configfile': ['config.yaml'], 'force_assets_load': False, 'platform_integration_test': False, 'jsonlogging': False, 'logfile': 'logs/2025-03-26-18-19-30-mpf-pinpi.log', 'pause': False, 'production': False, 'text_ui': False, 'loglevel': 15, 'consoleloglevel': 20, 'force_platform': None, 'syslog_address': None, 'full_logfile_path': '/home/pinpi/toedragons-pinball/logs/2025-03-26-18-19-30-mpf-pinpi.log'}
2025-03-26 18:19:30,547 : INFO : Machine : MPF path: /home/pinpi/pinpi/lib/python3.11/site-packages/mpf
2025-03-26 18:19:30,547 : INFO : Machine : Machine path: /home/pinpi/toedragons-pinball
2025-03-26 18:19:30,547 : INFO : Machine : Platform: linux
2025-03-26 18:19:30,547 : INFO : Machine : Python executable location: /home/pinpi/pinpi/bin/python
2025-03-26 18:19:30,547 : INFO : Machine : Python version: 3.11.2 (64-bit)
2025-03-26 18:19:30,547 : INFO : Machine : Initializing MPF...
2025-03-26 18:19:30,583 : INFO : FAST [NET] : Trying to connect to /dev/ttyAMA2 at 921600bps
2025-03-26 18:19:30,583 : INFO : FAST [NET] : Connected to /dev/ttyAMA2 at 921600bps
2025-03-26 18:19:30,585 : INFO : FAST [NET] : Connected to FP-CPU-2000 with firmware v02.26
2025-03-26 18:19:30,586 : INFO : FAST [NET] : Registered I/O Board 0: Model: FP-I/O-3208, Firmware: 01.10, Switches: 32, Drivers: 8
2025-03-26 18:19:30,586 : INFO : EventManager : Event: ======'machine_var_credits_string'====== Args={'value': 'FREE PLAY', 'prev_value': None, 'change': True}
2025-03-26 18:19:30,596 : INFO : EventManager : Event: ======'machine_var_master_volume'====== Args={'value': 0.5, 'prev_value': None, 'change': True}
2025-03-26 18:19:30,596 : INFO : EventManager : Event: ======'machine_var_mpf_version'====== Args={'value': 'Mission Pinball Framework v0.80.0.dev7', 'prev_value': None, 'change': True}
2025-03-26 18:19:30,596 : INFO : EventManager : Event: ======'machine_var_mpf_extended_version'====== Args={'value': 'Mission Pinball Framework v0.80.0.dev7, Config version:6, Show version: 6, BCP version:1.1', 'prev_value': None, 'change': True}
2025-03-26 18:19:30,596 : INFO : EventManager : Event: ======'machine_var_python_version'====== Args={'value': '3.11.2', 'prev_value': None, 'change': True}
2025-03-26 18:19:30,597 : INFO : EventManager : Event: ======'machine_var_platform'====== Args={'value': 'Linux-6.6.51+rpt-rpi-2712-aarch64-with-glibc2.36', 'prev_value': None, 'change': True}
2025-03-26 18:19:30,597 : INFO : EventManager : Event: ======'machine_var_platform_system'====== Args={'value': 'Linux', 'prev_value': None, 'change': True}
2025-03-26 18:19:30,597 : INFO : EventManager : Event: ======'machine_var_platform_release'====== Args={'value': '6.6.51+rpt-rpi-2712', 'prev_value': None, 'change': True}
2025-03-26 18:19:30,597 : INFO : EventManager : Event: ======'machine_var_platform_version'====== Args={'value': '#1 SMP PREEMPT Debian 1:6.6.51-1+rpt3 (2024-10-08)', 'prev_value': None, 'change': True}
2025-03-26 18:19:30,597 : INFO : EventManager : Event: ======'machine_var_platform_machine'====== Args={'value': 'aarch64', 'prev_value': None, 'change': True}
2025-03-26 18:19:30,598 : INFO : EventManager : Event: ======'machine_var_log_file_path'====== Args={'value': '/home/pinpi/toedragons-pinball/logs/2025-03-26-18-19-30-mpf-pinpi.log', 'prev_value': None, 'change': True}
2025-03-26 18:19:30,598 : INFO : EventManager : Event: ======'init_phase_1'====== Args={}
2025-03-26 18:19:30,675 : INFO : EventManager : Event: ======'init_phase_2'====== Args={}
2025-03-26 18:19:30,678 : INFO : EventManager : Event: ======'init_phase_3'====== Args={}
2025-03-26 18:19:30,680 : INFO : EventManager : Event: ======'init_phase_4'====== Args={}
2025-03-26 18:19:30,681 : INFO : EventManager : Event: ======'machine_var_audits_switches_s_right_flipper_short'====== Args={'value': 0, 'prev_value': None, 'change': True}
2025-03-26 18:19:30,681 : INFO : EventManager : Event: ======'machine_var_audits_switches_s_left_flipper_long'====== Args={'value': 0, 'prev_value': None, 'change': True}
2025-03-26 18:19:30,681 : INFO : EventManager : Event: ======'machine_var_audits_switches_s_left_flipper_short'====== Args={'value': 0, 'prev_value': None, 'change': True}
2025-03-26 18:19:30,681 : INFO : EventManager : Event: ======'machine_var_audits_switches_s_right_flipper_long'====== Args={'value': 0, 'prev_value': None, 'change': True}
2025-03-26 18:19:30,681 : INFO : EventManager : Event: ======'machine_var_audits_events_game_started'====== Args={'value': 0, 'prev_value': None, 'change': True}
2025-03-26 18:19:30,681 : INFO : EventManager : Event: ======'machine_var_audits_events_game_ended'====== Args={'value': 0, 'prev_value': None, 'change': True}
2025-03-26 18:19:30,681 : INFO : EventManager : Event: ======'machine_var_audits_player_score'====== Args={'value': {'top': [], 'average': 0, 'total': 0}, 'prev_value': None, 'change': True}
2025-03-26 18:19:30,681 : INFO : EventManager : Event: ======'init_phase_5'====== Args={}
2025-03-26 18:19:30,681 : INFO : EventManager : Event: ======'init_done'====== Args={}
2025-03-26 18:19:30,681 : INFO : EventManager : Event: ======'machine_reset_phase_1'====== Args={}
2025-03-26 18:19:30,681 : INFO : EventManager : Event: ======'machine_reset_phase_2'====== Args={}
2025-03-26 18:19:30,682 : INFO : EventManager : Event: ======'machine_reset_phase_3'====== Args={}
2025-03-26 18:19:30,682 : INFO : EventManager : Event: ======'reset_complete'====== Args={}
2025-03-26 18:19:30,682 : INFO : EventManager : Event: ======'mode_attract_will_start'====== Args={}
2025-03-26 18:19:30,682 : INFO : EventManager : Event: ======'mode_attract_starting'====== Args={}
2025-03-26 18:19:30,682 : INFO : Mode.attract : Started. Priority: 10
2025-03-26 18:19:30,682 : INFO : EventManager : Event: ======'modes_active_modes_changed'====== Args={}
2025-03-26 18:19:30,682 : INFO : EventManager : Event: ======'mode_attract_started'====== Args={}
2025-03-26 18:19:30,682 : INFO : EventManager : Event: ======'collecting_balls_complete'====== Args={}
2025-03-26 18:19:30,682 : INFO : Machine : Starting the main run loop with active modes: [<Mode.attract>]
2025-03-26 18:19:31,244 : INFO : SwitchController : <<<<<<< 's_left_flipper_long' active >>>>>>>
2025-03-26 18:19:31,250 : INFO : SwitchController : <<<<<<< 's_left_flipper_short' active >>>>>>>
2025-03-26 18:19:31,301 : INFO : SwitchController : <<<<<<< 's_left_flipper_short' inactive >>>>>>>
2025-03-26 18:19:31,302 : INFO : SwitchController : <<<<<<< 's_left_flipper_long' inactive >>>>>>>
2025-03-26 18:19:33,444 : INFO : SwitchController : <<<<<<< 's_right_flipper_long' active >>>>>>>
2025-03-26 18:19:33,572 : INFO : SwitchController : <<<<<<< 's_right_flipper_long' inactive >>>>>>>
2025-03-26 18:19:33,831 : INFO : SwitchController : <<<<<<< 's_right_flipper_long' active >>>>>>>
2025-03-26 18:19:33,845 : INFO : SwitchController : <<<<<<< 's_right_flipper_long' inactive >>>>>>>
2025-03-26 18:19:34,064 : INFO : SwitchController : <<<<<<< 's_right_flipper_long' active >>>>>>>
2025-03-26 18:19:34,078 : INFO : SwitchController : <<<<<<< 's_right_flipper_long' inactive >>>>>>>
2025-03-26 18:19:35,537 : INFO : SwitchController : <<<<<<< 's_right_flipper_long' active >>>>>>>
2025-03-26 18:19:35,811 : INFO : SwitchController : <<<<<<< 's_right_flipper_long' inactive >>>>>>>
2025-03-26 18:19:36,571 : INFO : SwitchController : <<<<<<< 's_right_flipper_long' active >>>>>>>
2025-03-26 18:19:36,808 : INFO : SwitchController : <<<<<<< 's_right_flipper_long' inactive >>>>>>>
2025-03-26 18:19:41,631 : INFO : SwitchController : <<<<<<< 's_right_flipper_long' active >>>>>>>
2025-03-26 18:19:41,718 : INFO : SwitchController : <<<<<<< 's_right_flipper_short' active >>>>>>>
2025-03-26 18:19:42,271 : INFO : SwitchController : <<<<<<< 's_right_flipper_short' inactive >>>>>>>
2025-03-26 18:19:42,303 : INFO : SwitchController : <<<<<<< 's_right_flipper_long' inactive >>>>>>>
2025-03-26 18:19:43,059 : INFO : SwitchController : <<<<<<< 's_right_flipper_long' active >>>>>>>
2025-03-26 18:19:43,137 : INFO : SwitchController : <<<<<<< 's_right_flipper_short' active >>>>>>>
2025-03-26 18:19:43,191 : INFO : SwitchController : <<<<<<< 's_right_flipper_short' inactive >>>>>>>
2025-03-26 18:19:43,225 : INFO : SwitchController : <<<<<<< 's_right_flipper_short' active >>>>>>>
2025-03-26 18:19:43,498 : INFO : SwitchController : <<<<<<< 's_right_flipper_short' inactive >>>>>>>
2025-03-26 18:19:43,529 : INFO : SwitchController : <<<<<<< 's_right_flipper_long' inactive >>>>>>>
2025-03-26 18:19:45,300 : INFO : SwitchController : <<<<<<< 's_right_flipper_long' active >>>>>>>
2025-03-26 18:19:46,322 : INFO : SwitchController : <<<<<<< 's_right_flipper_long' inactive >>>>>>>
2025-03-26 18:19:46,638 : INFO : SwitchController : <<<<<<< 's_right_flipper_long' active >>>>>>>
2025-03-26 18:19:46,695 : INFO : SwitchController : <<<<<<< 's_right_flipper_long' inactive >>>>>>>
2025-03-26 18:19:47,348 : INFO : SwitchController : <<<<<<< 's_right_flipper_long' active >>>>>>>
2025-03-26 18:19:47,447 : INFO : SwitchController : <<<<<<< 's_right_flipper_long' inactive >>>>>>>
2025-03-26 18:19:47,586 : INFO : SwitchController : <<<<<<< 's_right_flipper_long' active >>>>>>>
2025-03-26 18:19:47,674 : INFO : SwitchController : <<<<<<< 's_right_flipper_long' inactive >>>>>>>
2025-03-26 18:19:48,062 : INFO : SwitchController : <<<<<<< 's_right_flipper_long' active >>>>>>>
2025-03-26 18:19:48,161 : INFO : SwitchController : <<<<<<< 's_right_flipper_long' inactive >>>>>>>
2025-03-26 18:19:48,417 : INFO : SwitchController : <<<<<<< 's_right_flipper_long' active >>>>>>>
2025-03-26 18:19:48,518 : INFO : SwitchController : <<<<<<< 's_right_flipper_long' inactive >>>>>>>
2025-03-26 18:19:48,770 : INFO : SwitchController : <<<<<<< 's_right_flipper_long' active >>>>>>>
2025-03-26 18:19:48,877 : INFO : SwitchController : <<<<<<< 's_right_flipper_long' inactive >>>>>>>
2025-03-26 18:19:49,333 : INFO : SwitchController : <<<<<<< 's_right_flipper_long' active >>>>>>>
2025-03-26 18:19:49,420 : INFO : SwitchController : <<<<<<< 's_right_flipper_long' inactive >>>>>>>
2025-03-26 18:19:49,677 : INFO : SwitchController : <<<<<<< 's_right_flipper_long' active >>>>>>>
2025-03-26 18:19:50,142 : INFO : SwitchController : <<<<<<< 's_right_flipper_long' inactive >>>>>>>
2025-03-26 18:19:50,643 : INFO : SwitchController : <<<<<<< 's_left_flipper_long' active >>>>>>>
2025-03-26 18:19:50,644 : INFO : SwitchController : <<<<<<< 's_left_flipper_short' active >>>>>>>
2025-03-26 18:19:50,871 : INFO : SwitchController : <<<<<<< 's_left_flipper_short' inactive >>>>>>>
2025-03-26 18:19:50,872 : INFO : SwitchController : <<<<<<< 's_left_flipper_long' inactive >>>>>>>
2025-03-26 18:19:51,369 : INFO : SwitchController : <<<<<<< 's_right_flipper_long' active >>>>>>>
2025-03-26 18:19:51,481 : INFO : SwitchController : <<<<<<< 's_right_flipper_long' inactive >>>>>>>
2025-03-26 18:19:51,733 : INFO : SwitchController : <<<<<<< 's_left_flipper_long' active >>>>>>>
2025-03-26 18:19:51,734 : INFO : SwitchController : <<<<<<< 's_left_flipper_short' active >>>>>>>
2025-03-26 18:19:51,820 : INFO : SwitchController : <<<<<<< 's_left_flipper_short' inactive >>>>>>>
2025-03-26 18:19:51,821 : INFO : SwitchController : <<<<<<< 's_left_flipper_long' inactive >>>>>>>
2025-03-26 18:19:51,937 : INFO : SwitchController : <<<<<<< 's_right_flipper_long' active >>>>>>>
2025-03-26 18:19:52,004 : INFO : SwitchController : <<<<<<< 's_right_flipper_long' inactive >>>>>>>
2025-03-26 18:19:52,107 : INFO : SwitchController : <<<<<<< 's_left_flipper_short' active >>>>>>>
2025-03-26 18:19:52,108 : INFO : SwitchController : <<<<<<< 's_left_flipper_long' active >>>>>>>
2025-03-26 18:19:52,196 : INFO : SwitchController : <<<<<<< 's_left_flipper_short' inactive >>>>>>>
2025-03-26 18:19:52,197 : INFO : SwitchController : <<<<<<< 's_left_flipper_long' inactive >>>>>>>
2025-03-26 18:19:52,220 : INFO : SwitchController : <<<<<<< 's_right_flipper_long' active >>>>>>>
2025-03-26 18:19:52,266 : INFO : SwitchController : <<<<<<< 's_right_flipper_long' inactive >>>>>>>
2025-03-26 18:19:52,371 : INFO : SwitchController : <<<<<<< 's_left_flipper_long' active >>>>>>>
2025-03-26 18:19:52,373 : INFO : SwitchController : <<<<<<< 's_left_flipper_short' active >>>>>>>
2025-03-26 18:19:52,451 : INFO : SwitchController : <<<<<<< 's_left_flipper_short' inactive >>>>>>>
2025-03-26 18:19:52,452 : INFO : SwitchController : <<<<<<< 's_left_flipper_long' inactive >>>>>>>
2025-03-26 18:19:52,525 : INFO : SwitchController : <<<<<<< 's_right_flipper_long' active >>>>>>>
2025-03-26 18:19:52,578 : INFO : SwitchController : <<<<<<< 's_right_flipper_long' inactive >>>>>>>
2025-03-26 18:19:52,692 : INFO : SwitchController : <<<<<<< 's_right_flipper_long' active >>>>>>>
2025-03-26 18:19:52,747 : INFO : SwitchController : <<<<<<< 's_right_flipper_long' inactive >>>>>>>
2025-03-26 18:19:52,822 : INFO : SwitchController : <<<<<<< 's_left_flipper_long' active >>>>>>>
2025-03-26 18:19:52,824 : INFO : SwitchController : <<<<<<< 's_left_flipper_short' active >>>>>>>
2025-03-26 18:19:52,894 : INFO : SwitchController : <<<<<<< 's_left_flipper_short' inactive >>>>>>>
2025-03-26 18:19:52,895 : INFO : SwitchController : <<<<<<< 's_left_flipper_long' inactive >>>>>>>
2025-03-26 18:19:52,941 : INFO : SwitchController : <<<<<<< 's_right_flipper_long' active >>>>>>>
2025-03-26 18:19:53,019 : INFO : SwitchController : <<<<<<< 's_right_flipper_long' inactive >>>>>>>
2025-03-26 18:19:53,124 : INFO : SwitchController : <<<<<<< 's_right_flipper_long' active >>>>>>>
2025-03-26 18:19:53,207 : INFO : SwitchController : <<<<<<< 's_right_flipper_long' inactive >>>>>>>
2025-03-26 18:19:53,256 : INFO : SwitchController : <<<<<<< 's_left_flipper_short' active >>>>>>>
2025-03-26 18:19:53,257 : INFO : SwitchController : <<<<<<< 's_left_flipper_long' active >>>>>>>
2025-03-26 18:19:53,322 : INFO : SwitchController : <<<<<<< 's_left_flipper_short' inactive >>>>>>>
2025-03-26 18:19:53,323 : INFO : SwitchController : <<<<<<< 's_left_flipper_long' inactive >>>>>>>
2025-03-26 18:19:53,377 : INFO : SwitchController : <<<<<<< 's_right_flipper_long' active >>>>>>>
2025-03-26 18:19:53,439 : INFO : SwitchController : <<<<<<< 's_right_flipper_long' inactive >>>>>>>
2025-03-26 18:19:53,528 : INFO : SwitchController : <<<<<<< 's_right_flipper_long' active >>>>>>>
2025-03-26 18:19:53,625 : INFO : SwitchController : <<<<<<< 's_right_flipper_long' inactive >>>>>>>
2025-03-26 18:19:53,670 : INFO : SwitchController : <<<<<<< 's_left_flipper_short' active >>>>>>>
2025-03-26 18:19:53,670 : INFO : SwitchController : <<<<<<< 's_left_flipper_long' active >>>>>>>
2025-03-26 18:19:53,749 : INFO : SwitchController : <<<<<<< 's_left_flipper_short' inactive >>>>>>>
2025-03-26 18:19:53,750 : INFO : SwitchController : <<<<<<< 's_left_flipper_long' inactive >>>>>>>
2025-03-26 18:19:53,784 : INFO : SwitchController : <<<<<<< 's_right_flipper_long' active >>>>>>>
2025-03-26 18:19:53,874 : INFO : SwitchController : <<<<<<< 's_right_flipper_long' inactive >>>>>>>
2025-03-26 18:19:53,976 : INFO : SwitchController : <<<<<<< 's_right_flipper_long' active >>>>>>>
2025-03-26 18:19:54,061 : INFO : SwitchController : <<<<<<< 's_right_flipper_long' inactive >>>>>>>
2025-03-26 18:19:54,110 : INFO : SwitchController : <<<<<<< 's_left_flipper_long' active >>>>>>>
2025-03-26 18:19:54,116 : INFO : SwitchController : <<<<<<< 's_left_flipper_short' active >>>>>>>
2025-03-26 18:19:54,171 : INFO : SwitchController : <<<<<<< 's_left_flipper_short' inactive >>>>>>>
2025-03-26 18:19:54,173 : INFO : SwitchController : <<<<<<< 's_left_flipper_long' inactive >>>>>>>
2025-03-26 18:19:54,213 : INFO : SwitchController : <<<<<<< 's_right_flipper_long' active >>>>>>>
2025-03-26 18:19:54,297 : INFO : SwitchController : <<<<<<< 's_right_flipper_long' inactive >>>>>>>
2025-03-26 18:19:54,439 : INFO : SwitchController : <<<<<<< 's_right_flipper_long' active >>>>>>>
2025-03-26 18:19:54,536 : INFO : SwitchController : <<<<<<< 's_right_flipper_long' inactive >>>>>>>
2025-03-26 18:19:54,563 : INFO : SwitchController : <<<<<<< 's_left_flipper_long' active >>>>>>>
2025-03-26 18:19:54,568 : INFO : SwitchController : <<<<<<< 's_left_flipper_short' active >>>>>>>
2025-03-26 18:19:54,648 : INFO : SwitchController : <<<<<<< 's_left_flipper_short' inactive >>>>>>>
2025-03-26 18:19:54,649 : INFO : SwitchController : <<<<<<< 's_left_flipper_long' inactive >>>>>>>
2025-03-26 18:19:54,672 : INFO : SwitchController : <<<<<<< 's_right_flipper_long' active >>>>>>>
2025-03-26 18:19:54,759 : INFO : SwitchController : <<<<<<< 's_right_flipper_long' inactive >>>>>>>
2025-03-26 18:19:54,880 : INFO : SwitchController : <<<<<<< 's_right_flipper_long' active >>>>>>>
2025-03-26 18:19:54,958 : INFO : SwitchController : <<<<<<< 's_right_flipper_long' inactive >>>>>>>
2025-03-26 18:19:54,982 : INFO : SwitchController : <<<<<<< 's_left_flipper_long' active >>>>>>>
2025-03-26 18:19:54,991 : INFO : SwitchController : <<<<<<< 's_left_flipper_short' active >>>>>>>
2025-03-26 18:19:55,064 : INFO : SwitchController : <<<<<<< 's_left_flipper_short' inactive >>>>>>>
2025-03-26 18:19:55,066 : INFO : SwitchController : <<<<<<< 's_left_flipper_long' inactive >>>>>>>
2025-03-26 18:19:55,090 : INFO : SwitchController : <<<<<<< 's_right_flipper_long' active >>>>>>>
2025-03-26 18:19:55,172 : INFO : SwitchController : <<<<<<< 's_right_flipper_long' inactive >>>>>>>
2025-03-26 18:19:55,313 : INFO : SwitchController : <<<<<<< 's_right_flipper_long' active >>>>>>>
2025-03-26 18:19:55,396 : INFO : SwitchController : <<<<<<< 's_right_flipper_long' inactive >>>>>>>
2025-03-26 18:19:55,421 : INFO : SwitchController : <<<<<<< 's_left_flipper_long' active >>>>>>>
2025-03-26 18:19:55,429 : INFO : SwitchController : <<<<<<< 's_left_flipper_short' active >>>>>>>
2025-03-26 18:19:55,490 : INFO : SwitchController : <<<<<<< 's_left_flipper_short' inactive >>>>>>>
2025-03-26 18:19:55,491 : INFO : SwitchController : <<<<<<< 's_left_flipper_long' inactive >>>>>>>
2025-03-26 18:19:55,534 : INFO : SwitchController : <<<<<<< 's_right_flipper_long' active >>>>>>>
2025-03-26 18:19:55,620 : INFO : SwitchController : <<<<<<< 's_right_flipper_long' inactive >>>>>>>
2025-03-26 18:19:55,759 : INFO : SwitchController : <<<<<<< 's_right_flipper_long' active >>>>>>>
2025-03-26 18:19:55,838 : INFO : SwitchController : <<<<<<< 's_right_flipper_long' inactive >>>>>>>
2025-03-26 18:19:55,864 : INFO : SwitchController : <<<<<<< 's_left_flipper_long' active >>>>>>>
2025-03-26 18:19:55,872 : INFO : SwitchController : <<<<<<< 's_left_flipper_short' active >>>>>>>
2025-03-26 18:19:55,927 : INFO : SwitchController : <<<<<<< 's_left_flipper_short' inactive >>>>>>>
2025-03-26 18:19:55,929 : INFO : SwitchController : <<<<<<< 's_left_flipper_long' inactive >>>>>>>
2025-03-26 18:19:55,979 : INFO : SwitchController : <<<<<<< 's_right_flipper_long' active >>>>>>>
2025-03-26 18:19:56,060 : INFO : SwitchController : <<<<<<< 's_right_flipper_long' inactive >>>>>>>
2025-03-26 18:19:56,189 : INFO : SwitchController : <<<<<<< 's_right_flipper_long' active >>>>>>>
2025-03-26 18:19:56,272 : INFO : SwitchController : <<<<<<< 's_right_flipper_long' inactive >>>>>>>
2025-03-26 18:19:56,302 : INFO : SwitchController : <<<<<<< 's_left_flipper_long' active >>>>>>>
2025-03-26 18:19:56,306 : INFO : SwitchController : <<<<<<< 's_left_flipper_short' active >>>>>>>
2025-03-26 18:19:56,364 : INFO : SwitchController : <<<<<<< 's_left_flipper_short' inactive >>>>>>>
2025-03-26 18:19:56,365 : INFO : SwitchController : <<<<<<< 's_left_flipper_long' inactive >>>>>>>
2025-03-26 18:19:56,410 : INFO : SwitchController : <<<<<<< 's_right_flipper_long' active >>>>>>>
2025-03-26 18:19:56,509 : INFO : SwitchController : <<<<<<< 's_right_flipper_long' inactive >>>>>>>
2025-03-26 18:19:56,635 : INFO : SwitchController : <<<<<<< 's_left_flipper_short' active >>>>>>>
2025-03-26 18:19:56,635 : INFO : SwitchController : <<<<<<< 's_left_flipper_long' active >>>>>>>
2025-03-26 18:19:56,691 : INFO : SwitchController : <<<<<<< 's_left_flipper_short' inactive >>>>>>>
2025-03-26 18:19:56,692 : INFO : SwitchController : <<<<<<< 's_left_flipper_long' inactive >>>>>>>
2025-03-26 18:19:56,836 : INFO : SwitchController : <<<<<<< 's_right_flipper_long' active >>>>>>>
2025-03-26 18:19:57,022 : INFO : SwitchController : <<<<<<< 's_right_flipper_long' inactive >>>>>>>
2025-03-26 18:19:57,059 : INFO : SwitchController : <<<<<<< 's_left_flipper_long' active >>>>>>>
2025-03-26 18:19:57,062 : INFO : SwitchController : <<<<<<< 's_left_flipper_short' active >>>>>>>
2025-03-26 18:19:57,068 : INFO : SwitchController : <<<<<<< 's_left_flipper_short' inactive >>>>>>>
2025-03-26 18:19:57,068 : INFO : SwitchController : <<<<<<< 's_left_flipper_long' inactive >>>>>>>
2025-03-26 18:19:57,161 : INFO : SwitchController : <<<<<<< 's_right_flipper_long' active >>>>>>>
2025-03-26 18:19:57,215 : INFO : SwitchController : <<<<<<< 's_right_flipper_long' inactive >>>>>>>
2025-03-26 18:19:57,259 : INFO : SwitchController : <<<<<<< 's_left_flipper_long' active >>>>>>>
2025-03-26 18:19:57,262 : INFO : SwitchController : <<<<<<< 's_left_flipper_short' active >>>>>>>
2025-03-26 18:19:57,339 : INFO : SwitchController : <<<<<<< 's_left_flipper_short' inactive >>>>>>>
2025-03-26 18:19:57,340 : INFO : SwitchController : <<<<<<< 's_left_flipper_long' inactive >>>>>>>
2025-03-26 18:19:57,510 : INFO : SwitchController : <<<<<<< 's_right_flipper_long' active >>>>>>>
2025-03-26 18:19:57,651 : INFO : SwitchController : <<<<<<< 's_right_flipper_long' inactive >>>>>>>
2025-03-26 18:19:57,750 : INFO : SwitchController : <<<<<<< 's_right_flipper_long' active >>>>>>>
2025-03-26 18:19:57,828 : INFO : SwitchController : <<<<<<< 's_right_flipper_long' inactive >>>>>>>
2025-03-26 18:19:59,468 : INFO : Machine : Shutting down...
2025-03-26 18:19:59,468 : INFO : EventManager : Event: ======'shutdown'====== Args={}
2025-03-26 18:19:59,570 : INFO : root : MPF run loop ended.
