2025-03-29 08:48:44,786 : INFO : root : Loading config.
2025-03-29 08:48:45,019 : INFO : ConfigProcessor : Config spec file cache created: /tmp/config_spec.mpf_cache
2025-03-29 08:48:45,020 : INFO : YamlMultifileConfigLoader : Machine config file #1: config.yaml
2025-03-29 08:48:45,020 : INFO : ConfigProcessor : Loading config from file /home/pinpi/pinpi/lib/python3.11/site-packages/mpf/mpfconfig.yaml.
2025-03-29 08:48:45,065 : INFO : ConfigProcessor : Loading config: /home/pinpi/pinpi/lib/python3.11/site-packages/mpf/mpfconfig.yaml
2025-03-29 08:48:45,066 : INFO : ConfigProcessor : Loading config from file /home/pinpi/toedragons-pinball/config/config.yaml.
2025-03-29 08:48:45,072 : INFO : ConfigProcessor : Loading config: /home/pinpi/toedragons-pinball/config/config.yaml
2025-03-29 08:48:45,073 : INFO : ConfigProcessor : Config file cache created: /tmp/9121053a167b3a0609222a4623987891.mpf_cache
2025-03-29 08:48:45,155 : INFO : ConfigProcessor : Loading config from file /home/pinpi/pinpi/lib/python3.11/site-packages/mpf/modes/attract/config/attract.yaml.
2025-03-29 08:48:45,157 : INFO : ConfigProcessor : Loading config: /home/pinpi/pinpi/lib/python3.11/site-packages/mpf/modes/attract/config/attract.yaml
2025-03-29 08:48:45,157 : INFO : ConfigProcessor : Config file cache created: /tmp/66ef204c87633dc02ca3efd475778ed9.mpf_cache
2025-03-29 08:48:45,158 : INFO : ConfigProcessor : Loading config from file /home/pinpi/pinpi/lib/python3.11/site-packages/mpf/modes/game/config/game.yaml.
2025-03-29 08:48:45,160 : INFO : ConfigProcessor : Loading config: /home/pinpi/pinpi/lib/python3.11/site-packages/mpf/modes/game/config/game.yaml
2025-03-29 08:48:45,160 : INFO : ConfigProcessor : Config file cache created: /tmp/74f2825223a7abe8c76a0d15a1753cf2.mpf_cache
2025-03-29 08:48:45,160 : INFO : Machine : Mission Pinball Framework Core Engine v0.80.0.dev7
2025-03-29 08:48:45,160 : INFO : Machine : Command line arguments: {'no_load_cache': False, 'create_config_cache': True, 'bcp': False, 'configfile': ['config.yaml'], 'force_assets_load': False, 'platform_integration_test': False, 'jsonlogging': False, 'logfile': 'logs/2025-03-29-08-48-44-mpf-pinpi.log', 'pause': False, 'production': False, 'text_ui': False, 'loglevel': 15, 'consoleloglevel': 20, 'force_platform': None, 'syslog_address': None, 'full_logfile_path': '/home/pinpi/toedragons-pinball/logs/2025-03-29-08-48-44-mpf-pinpi.log'}
2025-03-29 08:48:45,160 : INFO : Machine : MPF path: /home/pinpi/pinpi/lib/python3.11/site-packages/mpf
2025-03-29 08:48:45,160 : INFO : Machine : Machine path: /home/pinpi/toedragons-pinball
2025-03-29 08:48:45,160 : INFO : Machine : Platform: linux
2025-03-29 08:48:45,160 : INFO : Machine : Python executable location: /home/pinpi/pinpi/bin/python
2025-03-29 08:48:45,160 : INFO : Machine : Python version: 3.11.2 (64-bit)
2025-03-29 08:48:45,161 : INFO : Machine : Initializing MPF...
2025-03-29 08:48:45,275 : INFO : FAST [NET] : Trying to connect to /dev/ttyAMA2 at 921600bps
2025-03-29 08:48:45,275 : INFO : FAST [NET] : Connected to /dev/ttyAMA2 at 921600bps
2025-03-29 08:48:45,277 : INFO : FAST [NET] : Connected to FP-CPU-2000 with firmware v02.26
2025-03-29 08:48:45,278 : INFO : FAST [NET] : Registered I/O Board 0: Model: FP-I/O-3208, Firmware: 01.10, Switches: 32, Drivers: 8
2025-03-29 08:48:45,279 : INFO : EventManager : Event: ======'machine_var_credits_string'====== Args={'value': 'FREE PLAY', 'prev_value': None, 'change': True}
2025-03-29 08:48:45,294 : INFO : EventManager : Event: ======'machine_var_master_volume'====== Args={'value': 0.5, 'prev_value': None, 'change': True}
2025-03-29 08:48:45,294 : INFO : EventManager : Event: ======'machine_var_mpf_version'====== Args={'value': 'Mission Pinball Framework v0.80.0.dev7', 'prev_value': None, 'change': True}
2025-03-29 08:48:45,294 : INFO : EventManager : Event: ======'machine_var_mpf_extended_version'====== Args={'value': 'Mission Pinball Framework v0.80.0.dev7, Config version:6, Show version: 6, BCP version:1.1', 'prev_value': None, 'change': True}
2025-03-29 08:48:45,294 : INFO : EventManager : Event: ======'machine_var_python_version'====== Args={'value': '3.11.2', 'prev_value': None, 'change': True}
2025-03-29 08:48:45,295 : INFO : EventManager : Event: ======'machine_var_platform'====== Args={'value': 'Linux-6.6.51+rpt-rpi-2712-aarch64-with-glibc2.36', 'prev_value': None, 'change': True}
2025-03-29 08:48:45,295 : INFO : EventManager : Event: ======'machine_var_platform_system'====== Args={'value': 'Linux', 'prev_value': None, 'change': True}
2025-03-29 08:48:45,295 : INFO : EventManager : Event: ======'machine_var_platform_release'====== Args={'value': '6.6.51+rpt-rpi-2712', 'prev_value': None, 'change': True}
2025-03-29 08:48:45,295 : INFO : EventManager : Event: ======'machine_var_platform_version'====== Args={'value': '#1 SMP PREEMPT Debian 1:6.6.51-1+rpt3 (2024-10-08)', 'prev_value': None, 'change': True}
2025-03-29 08:48:45,295 : INFO : EventManager : Event: ======'machine_var_platform_machine'====== Args={'value': 'aarch64', 'prev_value': None, 'change': True}
2025-03-29 08:48:45,295 : INFO : EventManager : Event: ======'machine_var_log_file_path'====== Args={'value': '/home/pinpi/toedragons-pinball/logs/2025-03-29-08-48-44-mpf-pinpi.log', 'prev_value': None, 'change': True}
2025-03-29 08:48:45,295 : INFO : EventManager : Event: ======'init_phase_1'====== Args={}
2025-03-29 08:48:45,418 : INFO : EventManager : Event: ======'init_phase_2'====== Args={}
2025-03-29 08:48:45,426 : INFO : EventManager : Event: ======'init_phase_3'====== Args={}
2025-03-29 08:48:45,428 : INFO : EventManager : Event: ======'init_phase_4'====== Args={}
2025-03-29 08:48:45,429 : INFO : EventManager : Event: ======'machine_var_audits_switches_s_right_flipper_short'====== Args={'value': 0, 'prev_value': None, 'change': True}
2025-03-29 08:48:45,429 : INFO : EventManager : Event: ======'machine_var_audits_switches_s_right_flipper_long'====== Args={'value': 0, 'prev_value': None, 'change': True}
2025-03-29 08:48:45,429 : INFO : EventManager : Event: ======'machine_var_audits_switches_s_left_flipper_short'====== Args={'value': 0, 'prev_value': None, 'change': True}
2025-03-29 08:48:45,429 : INFO : EventManager : Event: ======'machine_var_audits_switches_s_left_flipper_long'====== Args={'value': 0, 'prev_value': None, 'change': True}
2025-03-29 08:48:45,429 : INFO : EventManager : Event: ======'machine_var_audits_events_game_started'====== Args={'value': 0, 'prev_value': None, 'change': True}
2025-03-29 08:48:45,429 : INFO : EventManager : Event: ======'machine_var_audits_events_game_ended'====== Args={'value': 0, 'prev_value': None, 'change': True}
2025-03-29 08:48:45,429 : INFO : EventManager : Event: ======'machine_var_audits_player_score'====== Args={'value': {'top': [], 'average': 0, 'total': 0}, 'prev_value': None, 'change': True}
2025-03-29 08:48:45,429 : INFO : EventManager : Event: ======'init_phase_5'====== Args={}
2025-03-29 08:48:45,430 : INFO : EventManager : Event: ======'init_done'====== Args={}
2025-03-29 08:48:45,430 : INFO : EventManager : Event: ======'machine_reset_phase_1'====== Args={}
2025-03-29 08:48:45,430 : INFO : EventManager : Event: ======'machine_reset_phase_2'====== Args={}
2025-03-29 08:48:45,430 : INFO : EventManager : Event: ======'machine_reset_phase_3'====== Args={}
2025-03-29 08:48:45,430 : INFO : EventManager : Event: ======'reset_complete'====== Args={}
2025-03-29 08:48:45,430 : INFO : EventManager : Event: ======'mode_attract_will_start'====== Args={}
2025-03-29 08:48:45,430 : INFO : EventManager : Event: ======'mode_attract_starting'====== Args={}
2025-03-29 08:48:45,430 : INFO : Mode.attract : Started. Priority: 10
2025-03-29 08:48:45,430 : INFO : EventManager : Event: ======'modes_active_modes_changed'====== Args={}
2025-03-29 08:48:45,430 : INFO : EventManager : Event: ======'mode_attract_started'====== Args={}
2025-03-29 08:48:45,430 : INFO : EventManager : Event: ======'collecting_balls_complete'====== Args={}
2025-03-29 08:48:45,431 : INFO : Machine : Starting the main run loop with active modes: [<Mode.attract>]
2025-03-29 08:48:48,985 : INFO : SwitchController : <<<<<<< 's_left_flipper_long' active >>>>>>>
2025-03-29 08:48:48,987 : INFO : SwitchController : <<<<<<< 's_left_flipper_short' active >>>>>>>
2025-03-29 08:48:49,301 : INFO : SwitchController : <<<<<<< 's_left_flipper_short' inactive >>>>>>>
2025-03-29 08:48:49,301 : INFO : SwitchController : <<<<<<< 's_left_flipper_long' inactive >>>>>>>
2025-03-29 08:48:49,898 : INFO : SwitchController : <<<<<<< 's_left_flipper_long' active >>>>>>>
2025-03-29 08:48:49,899 : INFO : SwitchController : <<<<<<< 's_left_flipper_short' active >>>>>>>
2025-03-29 08:48:50,169 : INFO : SwitchController : <<<<<<< 's_left_flipper_short' inactive >>>>>>>
2025-03-29 08:48:50,170 : INFO : SwitchController : <<<<<<< 's_left_flipper_long' inactive >>>>>>>
2025-03-29 08:48:50,699 : INFO : SwitchController : <<<<<<< 's_left_flipper_long' active >>>>>>>
2025-03-29 08:48:50,700 : INFO : SwitchController : <<<<<<< 's_left_flipper_short' active >>>>>>>
2025-03-29 08:48:50,855 : INFO : SwitchController : <<<<<<< 's_left_flipper_short' inactive >>>>>>>
2025-03-29 08:48:50,856 : INFO : SwitchController : <<<<<<< 's_left_flipper_long' inactive >>>>>>>
2025-03-29 08:48:51,046 : INFO : SwitchController : <<<<<<< 's_left_flipper_long' active >>>>>>>
2025-03-29 08:48:51,047 : INFO : SwitchController : <<<<<<< 's_left_flipper_short' active >>>>>>>
2025-03-29 08:48:51,136 : INFO : SwitchController : <<<<<<< 's_left_flipper_short' inactive >>>>>>>
2025-03-29 08:48:51,138 : INFO : SwitchController : <<<<<<< 's_left_flipper_long' inactive >>>>>>>
2025-03-29 08:48:51,627 : INFO : SwitchController : <<<<<<< 's_left_flipper_long' active >>>>>>>
2025-03-29 08:48:51,628 : INFO : SwitchController : <<<<<<< 's_left_flipper_short' active >>>>>>>
2025-03-29 08:48:51,751 : INFO : SwitchController : <<<<<<< 's_left_flipper_short' inactive >>>>>>>
2025-03-29 08:48:51,752 : INFO : SwitchController : <<<<<<< 's_left_flipper_long' inactive >>>>>>>
2025-03-29 08:48:52,110 : INFO : SwitchController : <<<<<<< 's_left_flipper_long' active >>>>>>>
2025-03-29 08:48:52,110 : INFO : SwitchController : <<<<<<< 's_left_flipper_short' active >>>>>>>
2025-03-29 08:48:52,224 : INFO : SwitchController : <<<<<<< 's_left_flipper_short' inactive >>>>>>>
2025-03-29 08:48:52,225 : INFO : SwitchController : <<<<<<< 's_left_flipper_long' inactive >>>>>>>
